<?xml version="1.0" encoding="utf-8"?><testsuites name="pytest tests"><testsuite name="pytest" errors="0" failures="0" skipped="0" tests="9" time="1.627" timestamp="2026-07-07T11:03:55.460968+00:00" hostname="agent-env-3cbb56a9-04a9-45fb-b738-4990db05b5b0"><testcase classname="tests.test_payment_checker.TestPaymentCheckerAPI" name="test_root_endpoint" time="0.172" /><testcase classname="tests.test_payment_checker.TestPaymentCheckerAPI" name="test_stats_endpoint" time="0.098" /><testcase classname="tests.test_payment_checker.TestPaymentCheckerAPI" name="test_calculate_standard_benefit_early_birth" time="0.094" /><testcase classname="tests.test_payment_checker.TestPaymentCheckerAPI" name="test_calculate_standard_benefit_mid_birth" time="0.078" /><testcase classname="tests.test_payment_checker.TestPaymentCheckerAPI" name="test_calculate_standard_benefit_late_birth" time="0.119" /><testcase classname="tests.test_payment_checker.TestPaymentCheckerAPI" name="test_calculate_ssi_benefit" time="0.082" /><testcase classname="tests.test_payment_checker.TestPaymentCheckerAPI" name="test_calculate_pre_1997_benefit" time="0.116" /><testcase classname="tests.test_payment_checker.TestPaymentCheckerAPI" name="test_calculate_invalid_benefit_type" time="0.119" /><testcase classname="tests.test_payment_checker.TestPaymentCheckerAPI" name="test_calculate_stats_increment_and_persistence" time="0.203" /></testsuite></testsuites>