<?xml version="1.0" encoding="utf-8"?><testsuites name="pytest tests"><testsuite name="pytest" errors="0" failures="0" skipped="0" tests="12" time="2.273" timestamp="2026-07-07T12:55:41.608970+00:00" hostname="agent-env-3cbb56a9-04a9-45fb-b738-4990db05b5b0"><testcase classname="tests.test_payment_checker.TestPaymentCheckerAPI" name="test_root_endpoint" time="0.186" /><testcase classname="tests.test_payment_checker.TestPaymentCheckerAPI" name="test_stats_endpoint" time="0.327" /><testcase classname="tests.test_payment_checker.TestPaymentCheckerAPI" name="test_calculate_standard_benefit_early_birth" time="0.104" /><testcase classname="tests.test_payment_checker.TestPaymentCheckerAPI" name="test_calculate_standard_benefit_mid_birth" time="0.124" /><testcase classname="tests.test_payment_checker.TestPaymentCheckerAPI" name="test_calculate_standard_benefit_late_birth" time="0.130" /><testcase classname="tests.test_payment_checker.TestPaymentCheckerAPI" name="test_calculate_ssi_benefit" time="0.089" /><testcase classname="tests.test_payment_checker.TestPaymentCheckerAPI" name="test_calculate_pre_1997_benefit" time="0.098" /><testcase classname="tests.test_payment_checker.TestPaymentCheckerAPI" name="test_calculate_invalid_benefit_type" time="0.091" /><testcase classname="tests.test_payment_checker.TestPaymentCheckerAPI" name="test_standard_schedule_third_wednesday_rule" time="0.076" /><testcase classname="tests.test_payment_checker.TestPaymentCheckerAPI" name="test_ssi_schedule_first_of_month_rule" time="0.087" /><testcase classname="tests.test_payment_checker.TestPaymentCheckerAPI" name="test_pre_1997_schedule_third_of_month_rule" time="0.107" /><testcase classname="tests.test_payment_checker.TestPaymentCheckerAPI" name="test_calculate_stats_increment_and_persistence" time="0.172" /></testsuite></testsuites>